{"/Users/abdiel/Desktop/RPP2204/project-atelier/client/src/components/reviews/Reviews.jsx": {"path":"/Users/abdiel/Desktop/RPP2204/project-atelier/client/src/components/reviews/Reviews.jsx","statementMap":{"0":{"start":{"line":9,"column":16},"end":{"line":41,"column":1}},"1":{"start":{"line":11,"column":30},"end":{"line":11,"column":53}},"2":{"start":{"line":13,"column":21},"end":{"line":17,"column":3}},"3":{"start":{"line":14,"column":4},"end":{"line":16,"column":40}},"4":{"start":{"line":15,"column":21},"end":{"line":15,"column":41}},"5":{"start":{"line":16,"column":22},"end":{"line":16,"column":38}},"6":{"start":{"line":19,"column":2},"end":{"line":23,"column":29}},"7":{"start":{"line":20,"column":4},"end":{"line":22,"column":5}},"8":{"start":{"line":21,"column":6},"end":{"line":21,"column":19}},"9":{"start":{"line":25,"column":2},"end":{"line":40,"column":3}}},"fnMap":{"0":{"name":"(anonymous_0)","decl":{"start":{"line":9,"column":16},"end":{"line":9,"column":17}},"loc":{"start":{"line":9,"column":27},"end":{"line":41,"column":1}},"line":9},"1":{"name":"(anonymous_1)","decl":{"start":{"line":13,"column":21},"end":{"line":13,"column":22}},"loc":{"start":{"line":13,"column":27},"end":{"line":17,"column":3}},"line":13},"2":{"name":"(anonymous_2)","decl":{"start":{"line":15,"column":12},"end":{"line":15,"column":13}},"loc":{"start":{"line":15,"column":21},"end":{"line":15,"column":41}},"line":15},"3":{"name":"(anonymous_3)","decl":{"start":{"line":16,"column":13},"end":{"line":16,"column":14}},"loc":{"start":{"line":16,"column":22},"end":{"line":16,"column":38}},"line":16},"4":{"name":"(anonymous_4)","decl":{"start":{"line":19,"column":12},"end":{"line":19,"column":13}},"loc":{"start":{"line":19,"column":18},"end":{"line":23,"column":3}},"line":19}},"branchMap":{"0":{"loc":{"start":{"line":20,"column":4},"end":{"line":22,"column":5}},"type":"if","locations":[{"start":{"line":20,"column":4},"end":{"line":22,"column":5}},{"start":{},"end":{}}],"line":20}},"s":{"0":1,"1":14,"2":14,"3":8,"4":8,"5":0,"6":14,"7":9,"8":8,"9":14},"f":{"0":14,"1":8,"2":8,"3":0,"4":9},"b":{"0":[8,1]},"_coverageSchema":"1a1c01bbd47fc00a2c39e90264f33305004495a9","hash":"859711544d1d65c06a387940056c5abc38bf50c4"}
,"/Users/abdiel/Desktop/RPP2204/project-atelier/client/src/components/reviews/components/Image.jsx": {"path":"/Users/abdiel/Desktop/RPP2204/project-atelier/client/src/components/reviews/components/Image.jsx","statementMap":{"0":{"start":{"line":4,"column":14},"end":{"line":19,"column":1}},"1":{"start":{"line":6,"column":34},"end":{"line":6,"column":49}},"2":{"start":{"line":8,"column":2},"end":{"line":18,"column":3}},"3":{"start":{"line":11,"column":21},"end":{"line":11,"column":39}},"4":{"start":{"line":14,"column":41},"end":{"line":14,"column":60}}},"fnMap":{"0":{"name":"(anonymous_0)","decl":{"start":{"line":4,"column":14},"end":{"line":4,"column":15}},"loc":{"start":{"line":4,"column":25},"end":{"line":19,"column":1}},"line":4},"1":{"name":"(anonymous_1)","decl":{"start":{"line":11,"column":15},"end":{"line":11,"column":16}},"loc":{"start":{"line":11,"column":21},"end":{"line":11,"column":39}},"line":11},"2":{"name":"(anonymous_2)","decl":{"start":{"line":14,"column":35},"end":{"line":14,"column":36}},"loc":{"start":{"line":14,"column":41},"end":{"line":14,"column":60}},"line":14}},"branchMap":{},"s":{"0":1,"1":7,"2":7,"3":0,"4":0},"f":{"0":7,"1":0,"2":0},"b":{},"_coverageSchema":"1a1c01bbd47fc00a2c39e90264f33305004495a9","hash":"5301ae57749db3cb8fd5e10fdfedc26dcf4d1a90"}
,"/Users/abdiel/Desktop/RPP2204/project-atelier/client/src/components/reviews/components/List.jsx": {"path":"/Users/abdiel/Desktop/RPP2204/project-atelier/client/src/components/reviews/components/List.jsx","statementMap":{"0":{"start":{"line":4,"column":13},"end":{"line":46,"column":1}},"1":{"start":{"line":6,"column":21},"end":{"line":6,"column":49}},"2":{"start":{"line":7,"column":43},"end":{"line":7,"column":54}},"3":{"start":{"line":8,"column":34},"end":{"line":8,"column":51}},"4":{"start":{"line":9,"column":22},"end":{"line":9,"column":23}},"5":{"start":{"line":11,"column":2},"end":{"line":16,"column":19}},"6":{"start":{"line":12,"column":4},"end":{"line":14,"column":5}},"7":{"start":{"line":13,"column":6},"end":{"line":13,"column":28}},"8":{"start":{"line":18,"column":2},"end":{"line":45,"column":3}},"9":{"start":{"line":29,"column":12},"end":{"line":32,"column":13}},"10":{"start":{"line":30,"column":14},"end":{"line":30,"column":30}},"11":{"start":{"line":31,"column":14},"end":{"line":31,"column":70}},"12":{"start":{"line":40,"column":26},"end":{"line":40,"column":62}}},"fnMap":{"0":{"name":"(anonymous_0)","decl":{"start":{"line":4,"column":13},"end":{"line":4,"column":14}},"loc":{"start":{"line":4,"column":24},"end":{"line":46,"column":1}},"line":4},"1":{"name":"(anonymous_1)","decl":{"start":{"line":11,"column":12},"end":{"line":11,"column":13}},"loc":{"start":{"line":11,"column":18},"end":{"line":16,"column":3}},"line":11},"2":{"name":"(anonymous_2)","decl":{"start":{"line":28,"column":36},"end":{"line":28,"column":37}},"loc":{"start":{"line":28,"column":48},"end":{"line":33,"column":11}},"line":28},"3":{"name":"(anonymous_3)","decl":{"start":{"line":40,"column":19},"end":{"line":40,"column":20}},"loc":{"start":{"line":40,"column":26},"end":{"line":40,"column":62}},"line":40}},"branchMap":{"0":{"loc":{"start":{"line":12,"column":4},"end":{"line":14,"column":5}},"type":"if","locations":[{"start":{"line":12,"column":4},"end":{"line":14,"column":5}},{"start":{},"end":{}}],"line":12},"1":{"loc":{"start":{"line":22,"column":9},"end":{"line":23,"column":13}},"type":"cond-expr","locations":[{"start":{"line":22,"column":25},"end":{"line":22,"column":110}},{"start":{"line":23,"column":9},"end":{"line":23,"column":13}}],"line":22},"2":{"loc":{"start":{"line":27,"column":9},"end":{"line":33,"column":19}},"type":"cond-expr","locations":[{"start":{"line":28,"column":10},"end":{"line":33,"column":12}},{"start":{"line":33,"column":15},"end":{"line":33,"column":19}}],"line":27},"3":{"loc":{"start":{"line":29,"column":12},"end":{"line":32,"column":13}},"type":"if","locations":[{"start":{"line":29,"column":12},"end":{"line":32,"column":13}},{"start":{},"end":{}}],"line":29},"4":{"loc":{"start":{"line":38,"column":7},"end":{"line":41,"column":14}},"type":"cond-expr","locations":[{"start":{"line":39,"column":8},"end":{"line":40,"column":85}},{"start":{"line":41,"column":10},"end":{"line":41,"column":14}}],"line":38},"5":{"loc":{"start":{"line":38,"column":8},"end":{"line":38,"column":56}},"type":"binary-expr","locations":[{"start":{"line":38,"column":8},"end":{"line":38,"column":24}},{"start":{"line":38,"column":28},"end":{"line":38,"column":56}}],"line":38},"6":{"loc":{"start":{"line":42,"column":9},"end":{"line":43,"column":14}},"type":"cond-expr","locations":[{"start":{"line":42,"column":24},"end":{"line":42,"column":100}},{"start":{"line":43,"column":10},"end":{"line":43,"column":14}}],"line":42}},"s":{"0":1,"1":16,"2":16,"3":16,"4":16,"5":16,"6":10,"7":1,"8":16,"9":266,"10":18,"11":18,"12":1},"f":{"0":16,"1":10,"2":266,"3":1},"b":{"0":[1,9],"1":[9,7],"2":[7,9],"3":[18,248],"4":[7,9],"5":[16,7],"6":[7,9]},"_coverageSchema":"1a1c01bbd47fc00a2c39e90264f33305004495a9","hash":"44b95aa293cb8ea86516bf046739b008ef7413ce"}
,"/Users/abdiel/Desktop/RPP2204/project-atelier/client/src/components/reviews/components/Modal.jsx": {"path":"/Users/abdiel/Desktop/RPP2204/project-atelier/client/src/components/reviews/components/Modal.jsx","statementMap":{"0":{"start":{"line":4,"column":14},"end":{"line":20,"column":1}},"1":{"start":{"line":6,"column":2},"end":{"line":8,"column":3}},"2":{"start":{"line":7,"column":4},"end":{"line":7,"column":16}},"3":{"start":{"line":10,"column":2},"end":{"line":19,"column":3}}},"fnMap":{"0":{"name":"(anonymous_0)","decl":{"start":{"line":4,"column":14},"end":{"line":4,"column":15}},"loc":{"start":{"line":4,"column":44},"end":{"line":20,"column":1}},"line":4}},"branchMap":{"0":{"loc":{"start":{"line":6,"column":2},"end":{"line":8,"column":3}},"type":"if","locations":[{"start":{"line":6,"column":2},"end":{"line":8,"column":3}},{"start":{},"end":{}}],"line":6}},"s":{"0":1,"1":7,"2":7,"3":0},"f":{"0":7},"b":{"0":[7,0]},"_coverageSchema":"1a1c01bbd47fc00a2c39e90264f33305004495a9","hash":"11a001c40edaf97e0703a34c98366a205f5e35d7"}
,"/Users/abdiel/Desktop/RPP2204/project-atelier/client/src/components/reviews/components/ProductBreakdown.jsx": {"path":"/Users/abdiel/Desktop/RPP2204/project-atelier/client/src/components/reviews/components/ProductBreakdown.jsx","statementMap":{"0":{"start":{"line":3,"column":25},"end":{"line":9,"column":1}},"1":{"start":{"line":5,"column":2},"end":{"line":7,"column":3}}},"fnMap":{"0":{"name":"(anonymous_0)","decl":{"start":{"line":3,"column":25},"end":{"line":3,"column":26}},"loc":{"start":{"line":3,"column":36},"end":{"line":9,"column":1}},"line":3}},"branchMap":{},"s":{"0":1,"1":14},"f":{"0":14},"b":{},"_coverageSchema":"1a1c01bbd47fc00a2c39e90264f33305004495a9","hash":"90b6e505892c96adfdb72c69981c24a1425ad443"}
,"/Users/abdiel/Desktop/RPP2204/project-atelier/client/src/components/reviews/components/Ratings.jsx": {"path":"/Users/abdiel/Desktop/RPP2204/project-atelier/client/src/components/reviews/components/Ratings.jsx","statementMap":{"0":{"start":{"line":3,"column":16},"end":{"line":9,"column":1}},"1":{"start":{"line":5,"column":2},"end":{"line":7,"column":3}}},"fnMap":{"0":{"name":"(anonymous_0)","decl":{"start":{"line":3,"column":16},"end":{"line":3,"column":17}},"loc":{"start":{"line":3,"column":27},"end":{"line":9,"column":1}},"line":3}},"branchMap":{},"s":{"0":1,"1":14},"f":{"0":14},"b":{},"_coverageSchema":"1a1c01bbd47fc00a2c39e90264f33305004495a9","hash":"c4bb70efdd27f74642eb5c59266aabfa03147eb0"}
,"/Users/abdiel/Desktop/RPP2204/project-atelier/client/src/components/reviews/components/Review.jsx": {"path":"/Users/abdiel/Desktop/RPP2204/project-atelier/client/src/components/reviews/components/Review.jsx","statementMap":{"0":{"start":{"line":5,"column":15},"end":{"line":101,"column":1}},"1":{"start":{"line":6,"column":13},"end":{"line":6,"column":38}},"2":{"start":{"line":7,"column":20},"end":{"line":11,"column":3}},"3":{"start":{"line":13,"column":40},"end":{"line":13,"column":72}},"4":{"start":{"line":14,"column":35},"end":{"line":14,"column":50}},"5":{"start":{"line":15,"column":39},"end":{"line":15,"column":54}},"6":{"start":{"line":16,"column":35},"end":{"line":16,"column":50}},"7":{"start":{"line":17,"column":46},"end":{"line":17,"column":61}},"8":{"start":{"line":19,"column":2},"end":{"line":21,"column":9}},"9":{"start":{"line":20,"column":4},"end":{"line":20,"column":64}},"10":{"start":{"line":23,"column":20},"end":{"line":32,"column":3}},"11":{"start":{"line":24,"column":4},"end":{"line":31,"column":5}},"12":{"start":{"line":25,"column":6},"end":{"line":30,"column":42}},"13":{"start":{"line":27,"column":10},"end":{"line":27,"column":44}},"14":{"start":{"line":28,"column":10},"end":{"line":28,"column":31}},"15":{"start":{"line":30,"column":24},"end":{"line":30,"column":40}},"16":{"start":{"line":34,"column":21},"end":{"line":40,"column":3}},"17":{"start":{"line":35,"column":4},"end":{"line":39,"column":5}},"18":{"start":{"line":36,"column":6},"end":{"line":38,"column":42}},"19":{"start":{"line":37,"column":23},"end":{"line":37,"column":44}},"20":{"start":{"line":38,"column":24},"end":{"line":38,"column":40}},"21":{"start":{"line":42,"column":2},"end":{"line":99,"column":3}},"22":{"start":{"line":64,"column":69},"end":{"line":64,"column":93}},"23":{"start":{"line":84,"column":10},"end":{"line":84,"column":47}},"24":{"start":{"line":91,"column":72},"end":{"line":91,"column":86}},"25":{"start":{"line":94,"column":68},"end":{"line":94,"column":83}}},"fnMap":{"0":{"name":"(anonymous_0)","decl":{"start":{"line":5,"column":15},"end":{"line":5,"column":16}},"loc":{"start":{"line":5,"column":26},"end":{"line":101,"column":1}},"line":5},"1":{"name":"(anonymous_1)","decl":{"start":{"line":19,"column":12},"end":{"line":19,"column":13}},"loc":{"start":{"line":19,"column":18},"end":{"line":21,"column":3}},"line":19},"2":{"name":"(anonymous_2)","decl":{"start":{"line":23,"column":20},"end":{"line":23,"column":21}},"loc":{"start":{"line":23,"column":27},"end":{"line":32,"column":3}},"line":23},"3":{"name":"(anonymous_3)","decl":{"start":{"line":26,"column":14},"end":{"line":26,"column":15}},"loc":{"start":{"line":26,"column":23},"end":{"line":29,"column":7}},"line":26},"4":{"name":"(anonymous_4)","decl":{"start":{"line":30,"column":15},"end":{"line":30,"column":16}},"loc":{"start":{"line":30,"column":24},"end":{"line":30,"column":40}},"line":30},"5":{"name":"(anonymous_5)","decl":{"start":{"line":34,"column":21},"end":{"line":34,"column":22}},"loc":{"start":{"line":34,"column":28},"end":{"line":40,"column":3}},"line":34},"6":{"name":"(anonymous_6)","decl":{"start":{"line":37,"column":14},"end":{"line":37,"column":15}},"loc":{"start":{"line":37,"column":23},"end":{"line":37,"column":44}},"line":37},"7":{"name":"(anonymous_7)","decl":{"start":{"line":38,"column":15},"end":{"line":38,"column":16}},"loc":{"start":{"line":38,"column":24},"end":{"line":38,"column":40}},"line":38},"8":{"name":"(anonymous_8)","decl":{"start":{"line":64,"column":62},"end":{"line":64,"column":63}},"loc":{"start":{"line":64,"column":69},"end":{"line":64,"column":93}},"line":64},"9":{"name":"(anonymous_9)","decl":{"start":{"line":83,"column":31},"end":{"line":83,"column":32}},"loc":{"start":{"line":84,"column":10},"end":{"line":84,"column":47}},"line":84},"10":{"name":"(anonymous_10)","decl":{"start":{"line":91,"column":65},"end":{"line":91,"column":66}},"loc":{"start":{"line":91,"column":72},"end":{"line":91,"column":86}},"line":91},"11":{"name":"(anonymous_11)","decl":{"start":{"line":94,"column":61},"end":{"line":94,"column":62}},"loc":{"start":{"line":94,"column":68},"end":{"line":94,"column":83}},"line":94}},"branchMap":{"0":{"loc":{"start":{"line":20,"column":4},"end":{"line":20,"column":63}},"type":"cond-expr","locations":[{"start":{"line":20,"column":36},"end":{"line":20,"column":56}},{"start":{"line":20,"column":59},"end":{"line":20,"column":63}}],"line":20},"1":{"loc":{"start":{"line":24,"column":4},"end":{"line":31,"column":5}},"type":"if","locations":[{"start":{"line":24,"column":4},"end":{"line":31,"column":5}},{"start":{},"end":{}}],"line":24},"2":{"loc":{"start":{"line":35,"column":4},"end":{"line":39,"column":5}},"type":"if","locations":[{"start":{"line":35,"column":4},"end":{"line":39,"column":5}},{"start":{},"end":{}}],"line":35},"3":{"loc":{"start":{"line":53,"column":11},"end":{"line":55,"column":49}},"type":"cond-expr","locations":[{"start":{"line":53,"column":45},"end":{"line":53,"column":63}},{"start":{"line":55,"column":10},"end":{"line":55,"column":49}}],"line":53},"4":{"loc":{"start":{"line":58,"column":9},"end":{"line":60,"column":14}},"type":"cond-expr","locations":[{"start":{"line":59,"column":8},"end":{"line":59,"column":71}},{"start":{"line":60,"column":10},"end":{"line":60,"column":14}}],"line":58},"5":{"loc":{"start":{"line":62,"column":9},"end":{"line":65,"column":14}},"type":"cond-expr","locations":[{"start":{"line":63,"column":8},"end":{"line":64,"column":113}},{"start":{"line":65,"column":10},"end":{"line":65,"column":14}}],"line":62},"6":{"loc":{"start":{"line":62,"column":10},"end":{"line":62,"column":38}},"type":"binary-expr","locations":[{"start":{"line":62,"column":10},"end":{"line":62,"column":18}},{"start":{"line":62,"column":22},"end":{"line":62,"column":38}}],"line":62},"7":{"loc":{"start":{"line":67,"column":9},"end":{"line":68,"column":14}},"type":"cond-expr","locations":[{"start":{"line":67,"column":27},"end":{"line":67,"column":90}},{"start":{"line":68,"column":10},"end":{"line":68,"column":14}}],"line":67},"8":{"loc":{"start":{"line":72,"column":11},"end":{"line":72,"column":70}},"type":"cond-expr","locations":[{"start":{"line":72,"column":34},"end":{"line":72,"column":63}},{"start":{"line":72,"column":66},"end":{"line":72,"column":70}}],"line":72},"9":{"loc":{"start":{"line":74,"column":9},"end":{"line":79,"column":14}},"type":"cond-expr","locations":[{"start":{"line":75,"column":8},"end":{"line":78,"column":14}},{"start":{"line":79,"column":10},"end":{"line":79,"column":14}}],"line":74},"10":{"loc":{"start":{"line":81,"column":9},"end":{"line":86,"column":25}},"type":"cond-expr","locations":[{"start":{"line":82,"column":8},"end":{"line":86,"column":18}},{"start":{"line":86,"column":21},"end":{"line":86,"column":25}}],"line":81},"11":{"loc":{"start":{"line":92,"column":11},"end":{"line":92,"column":50}},"type":"cond-expr","locations":[{"start":{"line":92,"column":22},"end":{"line":92,"column":42}},{"start":{"line":92,"column":45},"end":{"line":92,"column":50}}],"line":92},"12":{"loc":{"start":{"line":95,"column":11},"end":{"line":95,"column":46}},"type":"cond-expr","locations":[{"start":{"line":95,"column":25},"end":{"line":95,"column":35}},{"start":{"line":95,"column":38},"end":{"line":95,"column":46}}],"line":95}},"s":{"0":1,"1":18,"2":18,"3":18,"4":18,"5":18,"6":18,"7":18,"8":18,"9":12,"10":18,"11":1,"12":1,"13":1,"14":1,"15":0,"16":18,"17":1,"18":1,"19":1,"20":0,"21":18,"22":0,"23":7,"24":1,"25":1},"f":{"0":18,"1":12,"2":1,"3":1,"4":0,"5":1,"6":1,"7":0,"8":0,"9":7,"10":1,"11":1},"b":{"0":[0,12],"1":[1,0],"2":[1,0],"3":[18,0],"4":[18,0],"5":[0,18],"6":[18,0],"7":[0,18],"8":[16,2],"9":[0,18],"10":[7,11],"11":[0,18],"12":[0,18]},"_coverageSchema":"1a1c01bbd47fc00a2c39e90264f33305004495a9","hash":"6b900ac70f549e7878530bdd6ad007c2896a0b23"}
,"/Users/abdiel/Desktop/RPP2204/project-atelier/client/src/components/reviews/components/Sort.jsx": {"path":"/Users/abdiel/Desktop/RPP2204/project-atelier/client/src/components/reviews/components/Sort.jsx","statementMap":{"0":{"start":{"line":3,"column":13},"end":{"line":9,"column":1}},"1":{"start":{"line":5,"column":2},"end":{"line":7,"column":3}}},"fnMap":{"0":{"name":"(anonymous_0)","decl":{"start":{"line":3,"column":13},"end":{"line":3,"column":14}},"loc":{"start":{"line":3,"column":24},"end":{"line":9,"column":1}},"line":3}},"branchMap":{},"s":{"0":1,"1":14},"f":{"0":14},"b":{},"_coverageSchema":"1a1c01bbd47fc00a2c39e90264f33305004495a9","hash":"ca0ed9b57c9e0feaa182de866cc2e94113bec779"}
}
