{"/home/kentwl1876/hackreactor/main-course/project-atelier/client/src/components/related-products/Card.jsx": {"path":"/home/kentwl1876/hackreactor/main-course/project-atelier/client/src/components/related-products/Card.jsx","statementMap":{"0":{"start":{"line":7,"column":4},"end":{"line":7,"column":17}},"1":{"start":{"line":8,"column":4},"end":{"line":13,"column":6}},"2":{"start":{"line":15,"column":4},"end":{"line":15,"column":55}},"3":{"start":{"line":16,"column":4},"end":{"line":16,"column":53}},"4":{"start":{"line":20,"column":4},"end":{"line":22,"column":7}},"5":{"start":{"line":26,"column":4},"end":{"line":31,"column":5}},"6":{"start":{"line":28,"column":6},"end":{"line":30,"column":9}},"7":{"start":{"line":32,"column":4},"end":{"line":46,"column":5}},"8":{"start":{"line":33,"column":6},"end":{"line":45,"column":9}},"9":{"start":{"line":35,"column":8},"end":{"line":41,"column":11}},"10":{"start":{"line":44,"column":8},"end":{"line":44,"column":63}},"11":{"start":{"line":50,"column":4},"end":{"line":50,"column":51}},"12":{"start":{"line":54,"column":4},"end":{"line":54,"column":24}},"13":{"start":{"line":55,"column":4},"end":{"line":55,"column":70}},"14":{"start":{"line":59,"column":16},"end":{"line":59,"column":46}},"15":{"start":{"line":60,"column":4},"end":{"line":80,"column":5}},"16":{"start":{"line":61,"column":6},"end":{"line":69,"column":15}},"17":{"start":{"line":70,"column":11},"end":{"line":80,"column":5}},"18":{"start":{"line":71,"column":6},"end":{"line":79,"column":15}}},"fnMap":{"0":{"name":"(anonymous_0)","decl":{"start":{"line":6,"column":2},"end":{"line":6,"column":3}},"loc":{"start":{"line":6,"column":21},"end":{"line":17,"column":3}},"line":6},"1":{"name":"(anonymous_1)","decl":{"start":{"line":19,"column":2},"end":{"line":19,"column":3}},"loc":{"start":{"line":19,"column":22},"end":{"line":23,"column":3}},"line":19},"2":{"name":"(anonymous_2)","decl":{"start":{"line":25,"column":2},"end":{"line":25,"column":3}},"loc":{"start":{"line":25,"column":43},"end":{"line":47,"column":3}},"line":25},"3":{"name":"(anonymous_3)","decl":{"start":{"line":34,"column":12},"end":{"line":34,"column":13}},"loc":{"start":{"line":34,"column":24},"end":{"line":42,"column":7}},"line":34},"4":{"name":"(anonymous_4)","decl":{"start":{"line":39,"column":11},"end":{"line":39,"column":12}},"loc":{"start":{"line":39,"column":22},"end":{"line":41,"column":9}},"line":39},"5":{"name":"(anonymous_5)","decl":{"start":{"line":43,"column":13},"end":{"line":43,"column":14}},"loc":{"start":{"line":43,"column":22},"end":{"line":45,"column":7}},"line":43},"6":{"name":"(anonymous_6)","decl":{"start":{"line":49,"column":2},"end":{"line":49,"column":3}},"loc":{"start":{"line":49,"column":18},"end":{"line":51,"column":3}},"line":49},"7":{"name":"(anonymous_7)","decl":{"start":{"line":53,"column":2},"end":{"line":53,"column":3}},"loc":{"start":{"line":53,"column":18},"end":{"line":56,"column":3}},"line":53},"8":{"name":"(anonymous_8)","decl":{"start":{"line":58,"column":2},"end":{"line":58,"column":3}},"loc":{"start":{"line":58,"column":11},"end":{"line":81,"column":3}},"line":58}},"branchMap":{"0":{"loc":{"start":{"line":26,"column":4},"end":{"line":31,"column":5}},"type":"if","locations":[{"start":{"line":26,"column":4},"end":{"line":31,"column":5}},{"start":{},"end":{}}],"line":26},"1":{"loc":{"start":{"line":32,"column":4},"end":{"line":46,"column":5}},"type":"if","locations":[{"start":{"line":32,"column":4},"end":{"line":46,"column":5}},{"start":{},"end":{}}],"line":32},"2":{"loc":{"start":{"line":60,"column":4},"end":{"line":80,"column":5}},"type":"if","locations":[{"start":{"line":60,"column":4},"end":{"line":80,"column":5}},{"start":{"line":70,"column":11},"end":{"line":80,"column":5}}],"line":60},"3":{"loc":{"start":{"line":70,"column":11},"end":{"line":80,"column":5}},"type":"if","locations":[{"start":{"line":70,"column":11},"end":{"line":80,"column":5}},{"start":{},"end":{}}],"line":70}},"s":{"0":1,"1":1,"2":1,"3":1,"4":1,"5":2,"6":0,"7":2,"8":1,"9":1,"10":0,"11":0,"12":0,"13":0,"14":3,"15":3,"16":3,"17":0,"18":0},"f":{"0":1,"1":1,"2":2,"3":1,"4":1,"5":0,"6":0,"7":0,"8":3},"b":{"0":[0,2],"1":[1,1],"2":[3,0],"3":[0,0]},"_coverageSchema":"1a1c01bbd47fc00a2c39e90264f33305004495a9","hash":"dd2988665cce85f13f9ae6641bec1600d43a6cd4"}
,"/home/kentwl1876/hackreactor/main-course/project-atelier/client/src/components/related-products/Modal.jsx": {"path":"/home/kentwl1876/hackreactor/main-course/project-atelier/client/src/components/related-products/Modal.jsx","statementMap":{"0":{"start":{"line":5,"column":4},"end":{"line":5,"column":17}},"1":{"start":{"line":10,"column":34},"end":{"line":10,"column":46}},"2":{"start":{"line":11,"column":4},"end":{"line":23,"column":5}},"3":{"start":{"line":12,"column":25},"end":{"line":12,"column":56}},"4":{"start":{"line":13,"column":6},"end":{"line":22,"column":7}},"5":{"start":{"line":13,"column":19},"end":{"line":13,"column":20}},"6":{"start":{"line":14,"column":26},"end":{"line":14,"column":80}},"7":{"start":{"line":15,"column":20},"end":{"line":15,"column":49}},"8":{"start":{"line":16,"column":8},"end":{"line":21,"column":9}},"9":{"start":{"line":17,"column":10},"end":{"line":17,"column":37}},"10":{"start":{"line":18,"column":10},"end":{"line":18,"column":43}},"11":{"start":{"line":20,"column":10},"end":{"line":20,"column":29}},"12":{"start":{"line":24,"column":4},"end":{"line":36,"column":5}},"13":{"start":{"line":25,"column":25},"end":{"line":25,"column":62}},"14":{"start":{"line":26,"column":6},"end":{"line":35,"column":7}},"15":{"start":{"line":26,"column":19},"end":{"line":26,"column":20}},"16":{"start":{"line":27,"column":26},"end":{"line":27,"column":80}},"17":{"start":{"line":28,"column":20},"end":{"line":28,"column":49}},"18":{"start":{"line":29,"column":8},"end":{"line":34,"column":9}},"19":{"start":{"line":30,"column":10},"end":{"line":30,"column":37}},"20":{"start":{"line":31,"column":10},"end":{"line":31,"column":44}},"21":{"start":{"line":33,"column":10},"end":{"line":33,"column":30}},"22":{"start":{"line":38,"column":4},"end":{"line":63,"column":12}},"23":{"start":{"line":52,"column":14},"end":{"line":57,"column":23}}},"fnMap":{"0":{"name":"(anonymous_0)","decl":{"start":{"line":4,"column":2},"end":{"line":4,"column":3}},"loc":{"start":{"line":4,"column":21},"end":{"line":6,"column":3}},"line":4},"1":{"name":"(anonymous_1)","decl":{"start":{"line":8,"column":2},"end":{"line":8,"column":3}},"loc":{"start":{"line":8,"column":11},"end":{"line":64,"column":3}},"line":8},"2":{"name":"(anonymous_2)","decl":{"start":{"line":51,"column":26},"end":{"line":51,"column":27}},"loc":{"start":{"line":51,"column":46},"end":{"line":58,"column":15}},"line":51}},"branchMap":{"0":{"loc":{"start":{"line":11,"column":4},"end":{"line":23,"column":5}},"type":"if","locations":[{"start":{"line":11,"column":4},"end":{"line":23,"column":5}},{"start":{},"end":{}}],"line":11},"1":{"loc":{"start":{"line":16,"column":8},"end":{"line":21,"column":9}},"type":"if","locations":[{"start":{"line":16,"column":8},"end":{"line":21,"column":9}},{"start":{"line":19,"column":15},"end":{"line":21,"column":9}}],"line":16},"2":{"loc":{"start":{"line":24,"column":4},"end":{"line":36,"column":5}},"type":"if","locations":[{"start":{"line":24,"column":4},"end":{"line":36,"column":5}},{"start":{},"end":{}}],"line":24},"3":{"loc":{"start":{"line":29,"column":8},"end":{"line":34,"column":9}},"type":"if","locations":[{"start":{"line":29,"column":8},"end":{"line":34,"column":9}},{"start":{"line":32,"column":15},"end":{"line":34,"column":9}}],"line":29},"4":{"loc":{"start":{"line":54,"column":23},"end":{"line":54,"column":56}},"type":"cond-expr","locations":[{"start":{"line":54,"column":37},"end":{"line":54,"column":49}},{"start":{"line":54,"column":52},"end":{"line":54,"column":56}}],"line":54},"5":{"loc":{"start":{"line":56,"column":23},"end":{"line":56,"column":57}},"type":"cond-expr","locations":[{"start":{"line":56,"column":38},"end":{"line":56,"column":50}},{"start":{"line":56,"column":53},"end":{"line":56,"column":57}}],"line":56}},"s":{"0":0,"1":0,"2":0,"3":0,"4":0,"5":0,"6":0,"7":0,"8":0,"9":0,"10":0,"11":0,"12":0,"13":0,"14":0,"15":0,"16":0,"17":0,"18":0,"19":0,"20":0,"21":0,"22":0,"23":0},"f":{"0":0,"1":0,"2":0},"b":{"0":[0,0],"1":[0,0],"2":[0,0],"3":[0,0],"4":[0,0],"5":[0,0]},"_coverageSchema":"1a1c01bbd47fc00a2c39e90264f33305004495a9","hash":"044e2f5633bb290002331282a6d05acfe83c702a"}
,"/home/kentwl1876/hackreactor/main-course/project-atelier/client/src/components/related-products/Outfit.jsx": {"path":"/home/kentwl1876/hackreactor/main-course/project-atelier/client/src/components/related-products/Outfit.jsx","statementMap":{"0":{"start":{"line":7,"column":6},"end":{"line":7,"column":19}},"1":{"start":{"line":9,"column":6},"end":{"line":9,"column":49}},"2":{"start":{"line":10,"column":6},"end":{"line":10,"column":47}},"3":{"start":{"line":14,"column":4},"end":{"line":14,"column":35}},"4":{"start":{"line":17,"column":4},"end":{"line":17,"column":34}},"5":{"start":{"line":21,"column":6},"end":{"line":32,"column":13}},"6":{"start":{"line":27,"column":12},"end":{"line":30,"column":38}}},"fnMap":{"0":{"name":"(anonymous_0)","decl":{"start":{"line":6,"column":2},"end":{"line":6,"column":3}},"loc":{"start":{"line":6,"column":21},"end":{"line":11,"column":5}},"line":6},"1":{"name":"(anonymous_1)","decl":{"start":{"line":13,"column":2},"end":{"line":13,"column":3}},"loc":{"start":{"line":13,"column":14},"end":{"line":15,"column":3}},"line":13},"2":{"name":"(anonymous_2)","decl":{"start":{"line":16,"column":2},"end":{"line":16,"column":3}},"loc":{"start":{"line":16,"column":13},"end":{"line":18,"column":3}},"line":16},"3":{"name":"(anonymous_3)","decl":{"start":{"line":20,"column":4},"end":{"line":20,"column":5}},"loc":{"start":{"line":20,"column":13},"end":{"line":33,"column":5}},"line":20},"4":{"name":"(anonymous_4)","decl":{"start":{"line":26,"column":36},"end":{"line":26,"column":37}},"loc":{"start":{"line":26,"column":56},"end":{"line":30,"column":39}},"line":26}},"branchMap":{},"s":{"0":5,"1":5,"2":5,"3":0,"4":0,"5":11,"6":0},"f":{"0":5,"1":0,"2":0,"3":11,"4":0},"b":{},"_coverageSchema":"1a1c01bbd47fc00a2c39e90264f33305004495a9","hash":"31d586043a8d5b0abe65855f62fa84a62a58917a"}
,"/home/kentwl1876/hackreactor/main-course/project-atelier/client/src/components/related-products/Related.jsx": {"path":"/home/kentwl1876/hackreactor/main-course/project-atelier/client/src/components/related-products/Related.jsx","statementMap":{"0":{"start":{"line":9,"column":4},"end":{"line":9,"column":17}},"1":{"start":{"line":10,"column":4},"end":{"line":15,"column":6}},"2":{"start":{"line":17,"column":4},"end":{"line":17,"column":51}},"3":{"start":{"line":18,"column":4},"end":{"line":18,"column":53}},"4":{"start":{"line":19,"column":4},"end":{"line":19,"column":47}},"5":{"start":{"line":20,"column":4},"end":{"line":20,"column":45}},"6":{"start":{"line":24,"column":4},"end":{"line":26,"column":7}},"7":{"start":{"line":30,"column":4},"end":{"line":34,"column":5}},"8":{"start":{"line":31,"column":6},"end":{"line":33,"column":9}},"9":{"start":{"line":35,"column":4},"end":{"line":48,"column":5}},"10":{"start":{"line":36,"column":15},"end":{"line":36,"column":40}},"11":{"start":{"line":37,"column":6},"end":{"line":47,"column":9}},"12":{"start":{"line":39,"column":8},"end":{"line":43,"column":11}},"13":{"start":{"line":46,"column":8},"end":{"line":46,"column":50}},"14":{"start":{"line":49,"column":4},"end":{"line":55,"column":5}},"15":{"start":{"line":50,"column":6},"end":{"line":54,"column":7}},"16":{"start":{"line":51,"column":8},"end":{"line":51,"column":66}},"17":{"start":{"line":53,"column":8},"end":{"line":53,"column":64}},"18":{"start":{"line":59,"column":4},"end":{"line":62,"column":7}},"19":{"start":{"line":66,"column":4},"end":{"line":68,"column":7}},"20":{"start":{"line":72,"column":4},"end":{"line":72,"column":52}},"21":{"start":{"line":76,"column":4},"end":{"line":76,"column":52}},"22":{"start":{"line":81,"column":4},"end":{"line":97,"column":12}}},"fnMap":{"0":{"name":"(anonymous_0)","decl":{"start":{"line":8,"column":2},"end":{"line":8,"column":3}},"loc":{"start":{"line":8,"column":21},"end":{"line":21,"column":3}},"line":8},"1":{"name":"(anonymous_1)","decl":{"start":{"line":23,"column":2},"end":{"line":23,"column":3}},"loc":{"start":{"line":23,"column":22},"end":{"line":27,"column":3}},"line":23},"2":{"name":"(anonymous_2)","decl":{"start":{"line":29,"column":2},"end":{"line":29,"column":3}},"loc":{"start":{"line":29,"column":43},"end":{"line":56,"column":3}},"line":29},"3":{"name":"(anonymous_3)","decl":{"start":{"line":38,"column":12},"end":{"line":38,"column":13}},"loc":{"start":{"line":38,"column":24},"end":{"line":44,"column":7}},"line":38},"4":{"name":"(anonymous_4)","decl":{"start":{"line":41,"column":11},"end":{"line":41,"column":12}},"loc":{"start":{"line":41,"column":22},"end":{"line":43,"column":9}},"line":41},"5":{"name":"(anonymous_5)","decl":{"start":{"line":45,"column":13},"end":{"line":45,"column":14}},"loc":{"start":{"line":45,"column":22},"end":{"line":47,"column":7}},"line":45},"6":{"name":"(anonymous_6)","decl":{"start":{"line":58,"column":2},"end":{"line":58,"column":3}},"loc":{"start":{"line":58,"column":28},"end":{"line":63,"column":3}},"line":58},"7":{"name":"(anonymous_7)","decl":{"start":{"line":65,"column":2},"end":{"line":65,"column":3}},"loc":{"start":{"line":65,"column":17},"end":{"line":69,"column":3}},"line":65},"8":{"name":"(anonymous_8)","decl":{"start":{"line":71,"column":2},"end":{"line":71,"column":3}},"loc":{"start":{"line":71,"column":18},"end":{"line":73,"column":3}},"line":71},"9":{"name":"(anonymous_9)","decl":{"start":{"line":75,"column":2},"end":{"line":75,"column":3}},"loc":{"start":{"line":75,"column":17},"end":{"line":78,"column":3}},"line":75},"10":{"name":"(anonymous_10)","decl":{"start":{"line":80,"column":2},"end":{"line":80,"column":3}},"loc":{"start":{"line":80,"column":11},"end":{"line":98,"column":3}},"line":80}},"branchMap":{"0":{"loc":{"start":{"line":30,"column":4},"end":{"line":34,"column":5}},"type":"if","locations":[{"start":{"line":30,"column":4},"end":{"line":34,"column":5}},{"start":{},"end":{}}],"line":30},"1":{"loc":{"start":{"line":35,"column":4},"end":{"line":48,"column":5}},"type":"if","locations":[{"start":{"line":35,"column":4},"end":{"line":48,"column":5}},{"start":{},"end":{}}],"line":35},"2":{"loc":{"start":{"line":49,"column":4},"end":{"line":55,"column":5}},"type":"if","locations":[{"start":{"line":49,"column":4},"end":{"line":55,"column":5}},{"start":{},"end":{}}],"line":49},"3":{"loc":{"start":{"line":50,"column":6},"end":{"line":54,"column":7}},"type":"if","locations":[{"start":{"line":50,"column":6},"end":{"line":54,"column":7}},{"start":{"line":52,"column":13},"end":{"line":54,"column":7}}],"line":50},"4":{"loc":{"start":{"line":82,"column":7},"end":{"line":85,"column":12}},"type":"cond-expr","locations":[{"start":{"line":83,"column":8},"end":{"line":84,"column":60}},{"start":{"line":85,"column":8},"end":{"line":85,"column":12}}],"line":82}},"s":{"0":5,"1":5,"2":5,"3":5,"4":5,"5":5,"6":5,"7":6,"8":0,"9":6,"10":5,"11":5,"12":5,"13":0,"14":6,"15":0,"16":0,"17":0,"18":0,"19":0,"20":0,"21":0,"22":11},"f":{"0":5,"1":5,"2":6,"3":5,"4":1,"5":0,"6":0,"7":0,"8":0,"9":0,"10":11},"b":{"0":[0,6],"1":[5,1],"2":[0,6],"3":[0,0],"4":[0,11]},"_coverageSchema":"1a1c01bbd47fc00a2c39e90264f33305004495a9","hash":"9ef7a9d4b7610dd43e3efaad9d80ff6ef3de6d30"}
,"/home/kentwl1876/hackreactor/main-course/project-atelier/client/src/components/related-products/Similar.jsx": {"path":"/home/kentwl1876/hackreactor/main-course/project-atelier/client/src/components/related-products/Similar.jsx","statementMap":{"0":{"start":{"line":7,"column":4},"end":{"line":7,"column":17}},"1":{"start":{"line":9,"column":4},"end":{"line":9,"column":47}},"2":{"start":{"line":10,"column":4},"end":{"line":10,"column":45}},"3":{"start":{"line":14,"column":4},"end":{"line":14,"column":36}},"4":{"start":{"line":17,"column":4},"end":{"line":17,"column":35}},"5":{"start":{"line":21,"column":4},"end":{"line":33,"column":12}},"6":{"start":{"line":27,"column":10},"end":{"line":30,"column":36}}},"fnMap":{"0":{"name":"(anonymous_0)","decl":{"start":{"line":6,"column":2},"end":{"line":6,"column":3}},"loc":{"start":{"line":6,"column":21},"end":{"line":11,"column":3}},"line":6},"1":{"name":"(anonymous_1)","decl":{"start":{"line":13,"column":2},"end":{"line":13,"column":3}},"loc":{"start":{"line":13,"column":14},"end":{"line":15,"column":3}},"line":13},"2":{"name":"(anonymous_2)","decl":{"start":{"line":16,"column":2},"end":{"line":16,"column":3}},"loc":{"start":{"line":16,"column":13},"end":{"line":18,"column":3}},"line":16},"3":{"name":"(anonymous_3)","decl":{"start":{"line":20,"column":2},"end":{"line":20,"column":3}},"loc":{"start":{"line":20,"column":11},"end":{"line":34,"column":3}},"line":20},"4":{"name":"(anonymous_4)","decl":{"start":{"line":25,"column":36},"end":{"line":25,"column":37}},"loc":{"start":{"line":25,"column":56},"end":{"line":31,"column":9}},"line":25}},"branchMap":{},"s":{"0":5,"1":5,"2":5,"3":0,"4":0,"5":11,"6":1},"f":{"0":5,"1":0,"2":0,"3":11,"4":1},"b":{},"_coverageSchema":"1a1c01bbd47fc00a2c39e90264f33305004495a9","hash":"895d98155a9dd6a497f014b78f04251abad032f2"}
,"/home/kentwl1876/hackreactor/main-course/project-atelier/client/src/components/related-products/Stars.jsx": {"path":"/home/kentwl1876/hackreactor/main-course/project-atelier/client/src/components/related-products/Stars.jsx","statementMap":{"0":{"start":{"line":1,"column":12},"end":{"line":7,"column":1}},"1":{"start":{"line":2,"column":2},"end":{"line":6,"column":3}},"2":{"start":{"line":3,"column":4},"end":{"line":3,"column":22}},"3":{"start":{"line":5,"column":4},"end":{"line":5,"column":48}}},"fnMap":{"0":{"name":"(anonymous_0)","decl":{"start":{"line":1,"column":12},"end":{"line":1,"column":13}},"loc":{"start":{"line":1,"column":23},"end":{"line":7,"column":1}},"line":1}},"branchMap":{"0":{"loc":{"start":{"line":2,"column":2},"end":{"line":6,"column":3}},"type":"if","locations":[{"start":{"line":2,"column":2},"end":{"line":6,"column":3}},{"start":{"line":4,"column":9},"end":{"line":6,"column":3}}],"line":2}},"s":{"0":1,"1":3,"2":1,"3":2},"f":{"0":3},"b":{"0":[1,2]},"_coverageSchema":"1a1c01bbd47fc00a2c39e90264f33305004495a9","hash":"c45a4ca2189811bcfc054d886353f1fd271269b8"}
}
