TN:
SF:client/src/components/product-overview/AddToCart.jsx
FN:3,AddToCart
FNF:1
FNH:1
FNDA:3,AddToCart
DA:4,3
DA:5,3
LF:2
LH:2
BRF:0
BRH:0
end_of_record
TN:
SF:client/src/components/product-overview/Announcement.jsx
FN:3,Announcement
FNF:1
FNH:0
FNDA:0,Announcement
DA:4,0
LF:1
LH:0
BRF:0
BRH:0
end_of_record
TN:
SF:client/src/components/product-overview/Category.jsx
FN:3,Category
FNF:1
FNH:1
FNDA:3,Category
DA:4,3
LF:1
LH:1
BRF:0
BRH:0
end_of_record
TN:
SF:client/src/components/product-overview/ImageGallery.jsx
FN:3,ImageGallery
FN:12,(anonymous_1)
FN:40,(anonymous_2)
FN:44,(anonymous_3)
FN:46,(anonymous_4)
FN:50,(anonymous_5)
FN:52,(anonymous_6)
FN:56,(anonymous_7)
FN:58,(anonymous_8)
FN:62,(anonymous_9)
FN:64,(anonymous_10)
FN:88,(anonymous_11)
FNF:12
FNH:2
FNDA:3,ImageGallery
FNDA:3,(anonymous_1)
FNDA:0,(anonymous_2)
FNDA:0,(anonymous_3)
FNDA:0,(anonymous_4)
FNDA:0,(anonymous_5)
FNDA:0,(anonymous_6)
FNDA:0,(anonymous_7)
FNDA:0,(anonymous_8)
FNDA:0,(anonymous_9)
FNDA:0,(anonymous_10)
FNDA:0,(anonymous_11)
DA:4,3
DA:5,3
DA:6,3
DA:7,3
DA:8,3
DA:9,3
DA:10,3
DA:12,3
DA:13,3
DA:14,0
DA:16,0
DA:17,0
DA:18,0
DA:20,0
DA:21,0
DA:24,0
DA:25,0
DA:26,0
DA:28,0
DA:29,0
DA:40,3
DA:41,0
DA:44,3
DA:45,0
DA:46,0
DA:50,3
DA:51,0
DA:52,0
DA:56,3
DA:57,0
DA:58,0
DA:62,3
DA:63,0
DA:64,0
DA:68,3
DA:89,0
LF:36
LH:15
BRDA:13,0,0,0
BRDA:13,0,1,3
BRDA:16,1,0,0
BRDA:16,1,1,0
BRDA:24,2,0,0
BRDA:24,2,1,0
BRDA:45,3,0,0
BRDA:45,3,1,0
BRDA:51,4,0,0
BRDA:51,4,1,0
BRDA:57,5,0,0
BRDA:57,5,1,0
BRDA:63,6,0,0
BRDA:63,6,1,0
BRDA:70,7,0,3
BRDA:70,7,1,0
BRDA:79,8,0,0
BRDA:79,8,1,0
BRDA:100,9,0,0
BRDA:100,9,1,0
BRDA:110,10,0,0
BRDA:110,10,1,0
BRDA:118,11,0,0
BRDA:118,11,1,0
BRF:24
BRH:2
end_of_record
TN:
SF:client/src/components/product-overview/Navbar.jsx
FN:3,Navbar
FNF:1
FNH:1
FNDA:3,Navbar
DA:4,3
LF:1
LH:1
BRF:0
BRH:0
end_of_record
TN:
SF:client/src/components/product-overview/Overview.jsx
FN:18,Overview
FN:25,(anonymous_1)
FN:29,(anonymous_2)
FN:34,(anonymous_3)
FN:43,(anonymous_4)
FN:46,(anonymous_5)
FNF:6
FNH:5
FNDA:3,Overview
FNDA:3,(anonymous_1)
FNDA:3,(anonymous_2)
FNDA:3,(anonymous_3)
FNDA:3,(anonymous_4)
FNDA:0,(anonymous_5)
DA:19,3
DA:20,3
DA:21,3
DA:22,3
DA:23,3
DA:25,3
DA:26,3
DA:29,3
DA:30,3
DA:34,3
DA:35,3
DA:44,3
DA:47,0
DA:51,3
LF:14
LH:13
BRDA:57,0,0,3
BRDA:57,0,1,0
BRF:2
BRH:1
end_of_record
TN:
SF:client/src/components/product-overview/Price.jsx
FN:3,Price
FNF:1
FNH:1
FNDA:3,Price
DA:4,3
LF:1
LH:1
BRDA:6,0,0,3
BRDA:6,0,1,3
BRDA:17,1,0,3
BRDA:17,1,1,0
BRF:4
BRH:3
end_of_record
TN:
SF:client/src/components/product-overview/ProductDescription.jsx
FN:3,ProductDescription
FNF:1
FNH:1
FNDA:3,ProductDescription
DA:4,3
LF:1
LH:1
BRF:0
BRH:0
end_of_record
TN:
SF:client/src/components/product-overview/QuantitySelector.jsx
FN:3,QuantitySelector
FN:8,(anonymous_1)
FN:16,(anonymous_2)
FN:20,(anonymous_3)
FN:37,(anonymous_4)
FN:54,(anonymous_5)
FNF:6
FNH:2
FNDA:3,QuantitySelector
FNDA:3,(anonymous_1)
FNDA:0,(anonymous_2)
FNDA:0,(anonymous_3)
FNDA:0,(anonymous_4)
FNDA:0,(anonymous_5)
DA:4,3
DA:5,3
DA:6,3
DA:8,3
DA:9,3
DA:10,0
DA:11,0
DA:12,0
DA:16,3
DA:17,0
DA:19,0
DA:20,0
DA:21,0
DA:22,0
DA:23,0
DA:24,0
DA:27,0
DA:28,0
DA:34,0
DA:37,3
DA:38,0
DA:41,3
DA:43,3
DA:55,0
LF:24
LH:9
BRDA:9,0,0,0
BRDA:9,0,1,3
BRDA:19,1,0,0
BRDA:19,1,1,0
BRDA:21,2,0,0
BRDA:21,2,1,0
BRDA:22,3,0,0
BRDA:22,3,1,0
BRDA:53,4,0,3
BRDA:53,4,1,0
BRF:10
BRH:2
end_of_record
TN:
SF:client/src/components/product-overview/Rating.jsx
FN:3,Rating
FNF:1
FNH:1
FNDA:3,Rating
DA:4,3
LF:1
LH:1
BRF:0
BRH:0
end_of_record
TN:
SF:client/src/components/product-overview/SizeSelector.jsx
FN:3,SizeSelector
FN:6,(anonymous_1)
FN:18,(anonymous_2)
FNF:3
FNH:1
FNDA:3,SizeSelector
FNDA:0,(anonymous_1)
FNDA:0,(anonymous_2)
DA:4,3
DA:6,3
DA:7,0
DA:10,3
DA:19,0
LF:5
LH:3
BRDA:17,0,0,3
BRDA:17,0,1,0
BRF:2
BRH:1
end_of_record
TN:
SF:client/src/components/product-overview/Star.jsx
FN:3,Star
FNF:1
FNH:1
FNDA:3,Star
DA:4,3
DA:5,3
LF:2
LH:2
BRF:0
BRH:0
end_of_record
TN:
SF:client/src/components/product-overview/StyleSelector.jsx
FN:4,StyleSelector
FN:7,(anonymous_1)
FN:14,(anonymous_2)
FN:16,(anonymous_3)
FN:20,(anonymous_4)
FN:22,(anonymous_5)
FN:29,(anonymous_6)
FN:43,(anonymous_7)
FNF:8
FNH:2
FNDA:3,StyleSelector
FNDA:3,(anonymous_1)
FNDA:0,(anonymous_2)
FNDA:0,(anonymous_3)
FNDA:0,(anonymous_4)
FNDA:0,(anonymous_5)
FNDA:0,(anonymous_6)
FNDA:0,(anonymous_7)
DA:5,3
DA:7,3
DA:8,3
DA:9,0
DA:10,0
DA:14,3
DA:15,0
DA:16,0
DA:20,3
DA:21,0
DA:22,0
DA:23,0
DA:25,0
DA:29,3
DA:30,0
DA:31,0
DA:32,0
DA:35,3
DA:44,0
DA:46,0
LF:20
LH:7
BRDA:8,0,0,0
BRDA:8,0,1,3
BRDA:42,1,0,3
BRDA:42,1,1,0
BRDA:44,2,0,0
BRDA:44,2,1,0
BRDA:55,3,0,0
BRDA:55,3,1,0
BRF:8
BRH:2
end_of_record
TN:
SF:client/src/components/product-overview/Title.jsx
FN:3,Title
FNF:1
FNH:1
FNDA:3,Title
DA:4,3
LF:1
LH:1
BRF:0
BRH:0
end_of_record
