TN:
SF:client/src/components/reviews/Reviews.jsx
FN:9,(anonymous_0)
FN:13,(anonymous_1)
FN:15,(anonymous_2)
FN:16,(anonymous_3)
FN:19,(anonymous_4)
FNF:5
FNH:4
FNDA:14,(anonymous_0)
FNDA:8,(anonymous_1)
FNDA:8,(anonymous_2)
FNDA:0,(anonymous_3)
FNDA:9,(anonymous_4)
DA:9,1
DA:11,14
DA:13,14
DA:14,8
DA:15,8
DA:16,0
DA:19,14
DA:20,9
DA:21,8
DA:25,14
LF:10
LH:9
BRDA:20,0,0,8
BRDA:20,0,1,1
BRF:2
BRH:2
end_of_record
TN:
SF:client/src/components/reviews/components/Image.jsx
FN:4,(anonymous_0)
FN:11,(anonymous_1)
FN:14,(anonymous_2)
FNF:3
FNH:1
FNDA:7,(anonymous_0)
FNDA:0,(anonymous_1)
FNDA:0,(anonymous_2)
DA:4,1
DA:6,7
DA:8,7
DA:11,0
DA:14,0
LF:5
LH:3
BRF:0
BRH:0
end_of_record
TN:
SF:client/src/components/reviews/components/List.jsx
FN:4,(anonymous_0)
FN:11,(anonymous_1)
FN:28,(anonymous_2)
FN:40,(anonymous_3)
FNF:4
FNH:4
FNDA:16,(anonymous_0)
FNDA:10,(anonymous_1)
FNDA:266,(anonymous_2)
FNDA:1,(anonymous_3)
DA:4,1
DA:6,16
DA:7,16
DA:8,16
DA:9,16
DA:11,16
DA:12,10
DA:13,1
DA:18,16
DA:29,266
DA:30,18
DA:31,18
DA:40,1
LF:13
LH:13
BRDA:12,0,0,1
BRDA:12,0,1,9
BRDA:22,1,0,9
BRDA:22,1,1,7
BRDA:27,2,0,7
BRDA:27,2,1,9
BRDA:29,3,0,18
BRDA:29,3,1,248
BRDA:38,4,0,7
BRDA:38,4,1,9
BRDA:38,5,0,16
BRDA:38,5,1,7
BRDA:42,6,0,7
BRDA:42,6,1,9
BRF:14
BRH:14
end_of_record
TN:
SF:client/src/components/reviews/components/Modal.jsx
FN:4,(anonymous_0)
FNF:1
FNH:1
FNDA:7,(anonymous_0)
DA:4,1
DA:6,7
DA:7,7
DA:10,0
LF:4
LH:3
BRDA:6,0,0,7
BRDA:6,0,1,0
BRF:2
BRH:1
end_of_record
TN:
SF:client/src/components/reviews/components/ProductBreakdown.jsx
FN:3,(anonymous_0)
FNF:1
FNH:1
FNDA:14,(anonymous_0)
DA:3,1
DA:5,14
LF:2
LH:2
BRF:0
BRH:0
end_of_record
TN:
SF:client/src/components/reviews/components/Ratings.jsx
FN:3,(anonymous_0)
FNF:1
FNH:1
FNDA:14,(anonymous_0)
DA:3,1
DA:5,14
LF:2
LH:2
BRF:0
BRH:0
end_of_record
TN:
SF:client/src/components/reviews/components/Review.jsx
FN:5,(anonymous_0)
FN:19,(anonymous_1)
FN:23,(anonymous_2)
FN:26,(anonymous_3)
FN:30,(anonymous_4)
FN:34,(anonymous_5)
FN:37,(anonymous_6)
FN:38,(anonymous_7)
FN:64,(anonymous_8)
FN:83,(anonymous_9)
FN:91,(anonymous_10)
FN:94,(anonymous_11)
FNF:12
FNH:9
FNDA:18,(anonymous_0)
FNDA:12,(anonymous_1)
FNDA:1,(anonymous_2)
FNDA:1,(anonymous_3)
FNDA:0,(anonymous_4)
FNDA:1,(anonymous_5)
FNDA:1,(anonymous_6)
FNDA:0,(anonymous_7)
FNDA:0,(anonymous_8)
FNDA:7,(anonymous_9)
FNDA:1,(anonymous_10)
FNDA:1,(anonymous_11)
DA:5,1
DA:6,18
DA:7,18
DA:13,18
DA:14,18
DA:15,18
DA:16,18
DA:17,18
DA:19,18
DA:20,12
DA:23,18
DA:24,1
DA:25,1
DA:27,1
DA:28,1
DA:30,0
DA:34,18
DA:35,1
DA:36,1
DA:37,1
DA:38,0
DA:42,18
DA:64,0
DA:84,7
DA:91,1
DA:94,1
LF:26
LH:23
BRDA:20,0,0,0
BRDA:20,0,1,12
BRDA:24,1,0,1
BRDA:24,1,1,0
BRDA:35,2,0,1
BRDA:35,2,1,0
BRDA:53,3,0,18
BRDA:53,3,1,0
BRDA:58,4,0,18
BRDA:58,4,1,0
BRDA:62,5,0,0
BRDA:62,5,1,18
BRDA:62,6,0,18
BRDA:62,6,1,0
BRDA:67,7,0,0
BRDA:67,7,1,18
BRDA:72,8,0,16
BRDA:72,8,1,2
BRDA:74,9,0,0
BRDA:74,9,1,18
BRDA:81,10,0,7
BRDA:81,10,1,11
BRDA:92,11,0,0
BRDA:92,11,1,18
BRDA:95,12,0,0
BRDA:95,12,1,18
BRF:26
BRH:15
end_of_record
TN:
SF:client/src/components/reviews/components/Sort.jsx
FN:3,(anonymous_0)
FNF:1
FNH:1
FNDA:14,(anonymous_0)
DA:3,1
DA:5,14
LF:2
LH:2
BRF:0
BRH:0
end_of_record
